
ROM used:   1393/4096 (34%)
            1393/4096 (34%) including unused fragments

            0.5 Average locations per line
            2.0 Average locations per statement

RAM used:   30/192 (16%) at main() level
            65/192 (34%) worst case

Stack used: 6 worst case (5 in main + 1 for interrupts)
Stack size: 8

Lines Stmts  %   Files
----- ----- ---  -----
  153   101  15  PRB.c
   11     0   0  PRB.h
  551     0   0  C:\Program Files\PICC\devices\16C73B.h
   90    25   4  C:\Program Files\PICC\drivers\2465.C
  456    84  12  C:\Program Files\PICC\drivers\LCD.C
 1351   359  52  C:\Program Files\PICC\drivers\stdlib.h
   32     0   0  C:\Program Files\PICC\drivers\stddef.h
  423   125  18  C:\Program Files\PICC\drivers\string.h
   28     0   0  C:\Program Files\PICC\drivers\ctype.h
----- -----
 3095   694 Total

Page ROM  %  RAM    Vol Diff  Functions:
---- --- --- ---    --- ----  ----------
0     20   1    1             @delay_ms1
 Inline         3             @I2C_READ_2
0     74   5    1             @I2C_WRITE_2
0     12   1    0     32  1.0  init_ext_eeprom
0     59   4    1     84  2.4  ext_eeprom_ready
0     71   5    4    214  4.5  write_ext_eeprom
0    171  12    4    295  4.8  read_ext_eeprom
 Inline         3    596  5.9  lcd_read_byte
0      6   0    0     59  4.2  lcd_read_nibble
0     14   1    1    179  3.3  lcd_send_nibble
0     64   5    3    460  4.7  lcd_send_byte
0     60   4    6    814  7.2  lcd_init
0     18   1    4    208  6.3  lcd_gotoxy
0     44   3    1    354  4.7  lcd_putc
0    229  16   24   1075 11.2  itoa
 Inline        13             @MUL3232
0    121   9   14             @DIVS3232
0      4   0    0     22  0.3  TIMER2_isr
0     66   5    1   1015  8.7  EncoderScan
0      8   1    0             @goto11894
0     40   3    1    174  2.1  LcdOut
0      6   0    0             @const915
0     18   1    0             @const916
0    187  13    1   1366  5.8  MAIN
0     17   1    0             @const921
0     16   1    0             @const923
 Inline         0             @cinit1

Program metrics:
    Functions               16
    Statements              694
    Comments                1017
    Volume (V)              11237
    Difficulty (D)          75.1
    Effort to implement (E) 843617
    Time to implement (T)   13 hours, 1 minutes
    Est Delivered Bugs (B)  3
    Cyclomatic Complexity   34
    Maintainability (MI)    65

 Segment     Used  Free
-----------  ----  ----
00000-00003     4  0  
00004-00043    64  0  
00044-007FF  1325  655  
00800-00FFF     0  2048  



